{"name":"hexo","hostname":"SeanRMBP.local","pid":6430,"level":20,"msg":"Hexo version: \u001b[35m3.1.1\u001b[39m","time":"2015-10-25T09:25:42.613Z","v":0}
{"name":"hexo","hostname":"SeanRMBP.local","pid":6430,"level":20,"msg":"Working directory: \u001b[35m~/Code/nodeJS/hexo/blog/\u001b[39m","time":"2015-10-25T09:25:42.617Z","v":0}
{"name":"hexo","hostname":"SeanRMBP.local","pid":6430,"level":20,"msg":"Config loaded: \u001b[35m~/Code/nodeJS/hexo/blog/_config.yml\u001b[39m","time":"2015-10-25T09:25:42.750Z","v":0}
{"name":"hexo","hostname":"SeanRMBP.local","pid":6430,"level":20,"msg":"Plugin loaded: \u001b[35mhexo-deployer-git\u001b[39m","time":"2015-10-25T09:25:42.963Z","v":0}
{"name":"hexo","hostname":"SeanRMBP.local","pid":6430,"level":20,"msg":"Plugin loaded: \u001b[35mhexo-generator-archive\u001b[39m","time":"2015-10-25T09:25:42.963Z","v":0}
{"name":"hexo","hostname":"SeanRMBP.local","pid":6430,"level":20,"msg":"Plugin loaded: \u001b[35mhexo-generator-category\u001b[39m","time":"2015-10-25T09:25:42.963Z","v":0}
{"name":"hexo","hostname":"SeanRMBP.local","pid":6430,"level":20,"msg":"Plugin loaded: \u001b[35mhexo-generator-index\u001b[39m","time":"2015-10-25T09:25:42.963Z","v":0}
{"name":"hexo","hostname":"SeanRMBP.local","pid":6430,"level":20,"msg":"Plugin loaded: \u001b[35mhexo-generator-tag\u001b[39m","time":"2015-10-25T09:25:43.232Z","v":0}
{"name":"hexo","hostname":"SeanRMBP.local","pid":6430,"level":20,"msg":"Plugin loaded: \u001b[35mhexo-renderer-ejs\u001b[39m","time":"2015-10-25T09:25:43.232Z","v":0}
{"name":"hexo","hostname":"SeanRMBP.local","pid":6430,"level":20,"msg":"Plugin loaded: \u001b[35mhexo-renderer-marked\u001b[39m","time":"2015-10-25T09:25:43.232Z","v":0}
{"name":"hexo","hostname":"SeanRMBP.local","pid":6430,"level":20,"msg":"Plugin loaded: \u001b[35mhexo-renderer-stylus\u001b[39m","time":"2015-10-25T09:25:43.232Z","v":0}
{"name":"hexo","hostname":"SeanRMBP.local","pid":6430,"level":20,"msg":"Plugin loaded: \u001b[35mhexo-server\u001b[39m","time":"2015-10-25T09:25:43.232Z","v":0}
{"name":"hexo","hostname":"SeanRMBP.local","pid":6430,"level":20,"msg":"Script loaded: \u001b[35mthemes/next/scripts/merge-configs.js\u001b[39m","time":"2015-10-25T09:25:43.233Z","v":0}
{"name":"hexo","hostname":"SeanRMBP.local","pid":6430,"level":20,"msg":"Script loaded: \u001b[35mthemes/next/scripts/tags/group-pictures.js\u001b[39m","time":"2015-10-25T09:25:43.233Z","v":0}
{"name":"hexo","hostname":"SeanRMBP.local","pid":6430,"level":20,"msg":"Script loaded: \u001b[35mthemes/next/scripts/tags/full-image.js\u001b[39m","time":"2015-10-25T09:25:43.234Z","v":0}
{"name":"hexo","hostname":"SeanRMBP.local","pid":6430,"level":20,"msg":"Script loaded: \u001b[35mthemes/next/scripts/tags/center-quote.js\u001b[39m","time":"2015-10-25T09:25:43.234Z","v":0}
{"name":"hexo","hostname":"SeanRMBP.local","pid":6430,"level":20,"msg":"Loading database.","time":"2015-10-25T09:25:43.242Z","v":0}
{"name":"hexo","hostname":"SeanRMBP.local","pid":6430,"level":20,"msg":"Added: \u001b[35msource/uploads/debug.log\u001b[39m","time":"2015-10-25T09:25:43.298Z","v":0}
{"name":"hexo","hostname":"SeanRMBP.local","pid":6430,"level":20,"msg":"Unchanged: \u001b[35msource/uploads/avatar.jpg\u001b[39m","time":"2015-10-25T09:25:43.299Z","v":0}
{"name":"hexo","hostname":"SeanRMBP.local","pid":6430,"level":20,"msg":"Unchanged: \u001b[35msource/_posts/快看我.md\u001b[39m","time":"2015-10-25T09:25:43.299Z","v":0}
{"name":"hexo","hostname":"SeanRMBP.local","pid":6430,"level":20,"msg":"Processed: \u001b[35muploads/debug.log\u001b[39m","time":"2015-10-25T09:25:43.303Z","v":0}
{"name":"hexo","hostname":"SeanRMBP.local","pid":6430,"level":20,"msg":"Processed: \u001b[35m_posts/快看我.md\u001b[39m","time":"2015-10-25T09:25:43.305Z","v":0}
{"name":"hexo","hostname":"SeanRMBP.local","pid":6430,"level":20,"msg":"Processed: \u001b[35muploads/avatar.jpg\u001b[39m","time":"2015-10-25T09:25:43.306Z","v":0}
{"name":"hexo","hostname":"SeanRMBP.local","pid":6430,"level":20,"msg":"Unchanged: \u001b[35mthemes/next/source/css/_common/_page/home.styl\u001b[39m","time":"2015-10-25T09:25:43.373Z","v":0}
{"name":"hexo","hostname":"SeanRMBP.local","pid":6430,"level":20,"msg":"Unchanged: \u001b[35mthemes/next/source/css/_mixins/Mist.styl\u001b[39m","time":"2015-10-25T09:25:43.373Z","v":0}
{"name":"hexo","hostname":"SeanRMBP.local","pid":6430,"level":20,"msg":"Unchanged: \u001b[35mthemes/next/source/css/_mixins/custom.styl\u001b[39m","time":"2015-10-25T09:25:43.373Z","v":0}
{"name":"hexo","hostname":"SeanRMBP.local","pid":6430,"level":20,"msg":"Unchanged: \u001b[35mthemes/next/source/css/_mixins/default.styl\u001b[39m","time":"2015-10-25T09:25:43.373Z","v":0}
{"name":"hexo","hostname":"SeanRMBP.local","pid":6430,"level":20,"msg":"Unchanged: \u001b[35mthemes/next/source/css/_variables/custom.styl\u001b[39m","time":"2015-10-25T09:25:43.373Z","v":0}
{"name":"hexo","hostname":"SeanRMBP.local","pid":6430,"level":20,"msg":"Unchanged: \u001b[35mthemes/next/source/css/_variables/default.styl\u001b[39m","time":"2015-10-25T09:25:43.374Z","v":0}
{"name":"hexo","hostname":"SeanRMBP.local","pid":6430,"level":20,"msg":"Unchanged: \u001b[35mthemes/next/README.en.md\u001b[39m","time":"2015-10-25T09:25:43.383Z","v":0}
{"name":"hexo","hostname":"SeanRMBP.local","pid":6430,"level":20,"msg":"Unchanged: \u001b[35mthemes/next/README.md\u001b[39m","time":"2015-10-25T09:25:43.383Z","v":0}
{"name":"hexo","hostname":"SeanRMBP.local","pid":6430,"level":20,"msg":"Unchanged: \u001b[35mthemes/next/_config.yml\u001b[39m","time":"2015-10-25T09:25:43.383Z","v":0}
{"name":"hexo","hostname":"SeanRMBP.local","pid":6430,"level":20,"msg":"Unchanged: \u001b[35mthemes/next/bower.json\u001b[39m","time":"2015-10-25T09:25:43.383Z","v":0}
{"name":"hexo","hostname":"SeanRMBP.local","pid":6430,"level":20,"msg":"Unchanged: \u001b[35mthemes/next/languages/de.yml\u001b[39m","time":"2015-10-25T09:25:43.384Z","v":0}
{"name":"hexo","hostname":"SeanRMBP.local","pid":6430,"level":20,"msg":"Unchanged: \u001b[35mthemes/next/languages/default.yml\u001b[39m","time":"2015-10-25T09:25:43.384Z","v":0}
{"name":"hexo","hostname":"SeanRMBP.local","pid":6430,"level":20,"msg":"Unchanged: \u001b[35mthemes/next/languages/en.yml\u001b[39m","time":"2015-10-25T09:25:43.384Z","v":0}
{"name":"hexo","hostname":"SeanRMBP.local","pid":6430,"level":20,"msg":"Unchanged: \u001b[35mthemes/next/languages/fr-FR.yml\u001b[39m","time":"2015-10-25T09:25:43.385Z","v":0}
{"name":"hexo","hostname":"SeanRMBP.local","pid":6430,"level":20,"msg":"Unchanged: \u001b[35mthemes/next/languages/pt.yml\u001b[39m","time":"2015-10-25T09:25:43.385Z","v":0}
{"name":"hexo","hostname":"SeanRMBP.local","pid":6430,"level":20,"msg":"Unchanged: \u001b[35mthemes/next/languages/ru.yml\u001b[39m","time":"2015-10-25T09:25:43.385Z","v":0}
{"name":"hexo","hostname":"SeanRMBP.local","pid":6430,"level":20,"msg":"Unchanged: \u001b[35mthemes/next/languages/zh-Hans.yml\u001b[39m","time":"2015-10-25T09:25:43.385Z","v":0}
{"name":"hexo","hostname":"SeanRMBP.local","pid":6430,"level":20,"msg":"Unchanged: \u001b[35mthemes/next/languages/zh-hk.yml\u001b[39m","time":"2015-10-25T09:25:43.385Z","v":0}
{"name":"hexo","hostname":"SeanRMBP.local","pid":6430,"level":20,"msg":"Unchanged: \u001b[35mthemes/next/languages/zh-tw.yml\u001b[39m","time":"2015-10-25T09:25:43.385Z","v":0}
{"name":"hexo","hostname":"SeanRMBP.local","pid":6430,"level":20,"msg":"Unchanged: \u001b[35mthemes/next/layout/_layout.swig\u001b[39m","time":"2015-10-25T09:25:43.385Z","v":0}
{"name":"hexo","hostname":"SeanRMBP.local","pid":6430,"level":20,"msg":"Unchanged: \u001b[35mthemes/next/layout/_macro/post-collapse.swig\u001b[39m","time":"2015-10-25T09:25:43.385Z","v":0}
{"name":"hexo","hostname":"SeanRMBP.local","pid":6430,"level":20,"msg":"Unchanged: \u001b[35mthemes/next/layout/_macro/post.swig\u001b[39m","time":"2015-10-25T09:25:43.386Z","v":0}
{"name":"hexo","hostname":"SeanRMBP.local","pid":6430,"level":20,"msg":"Unchanged: \u001b[35mthemes/next/layout/_macro/sidebar.swig\u001b[39m","time":"2015-10-25T09:25:43.386Z","v":0}
{"name":"hexo","hostname":"SeanRMBP.local","pid":6430,"level":20,"msg":"Unchanged: \u001b[35mthemes/next/layout/_partials/footer.swig\u001b[39m","time":"2015-10-25T09:25:43.386Z","v":0}
{"name":"hexo","hostname":"SeanRMBP.local","pid":6430,"level":20,"msg":"Unchanged: \u001b[35mthemes/next/layout/_partials/header.swig\u001b[39m","time":"2015-10-25T09:25:43.386Z","v":0}
{"name":"hexo","hostname":"SeanRMBP.local","pid":6430,"level":20,"msg":"Unchanged: \u001b[35mthemes/next/layout/_partials/pagination.swig\u001b[39m","time":"2015-10-25T09:25:43.386Z","v":0}
{"name":"hexo","hostname":"SeanRMBP.local","pid":6430,"level":20,"msg":"Unchanged: \u001b[35mthemes/next/layout/_partials/search/tinysou.swig\u001b[39m","time":"2015-10-25T09:25:43.386Z","v":0}
{"name":"hexo","hostname":"SeanRMBP.local","pid":6430,"level":20,"msg":"Unchanged: \u001b[35mthemes/next/layout/_partials/old-browsers.swig\u001b[39m","time":"2015-10-25T09:25:43.387Z","v":0}
{"name":"hexo","hostname":"SeanRMBP.local","pid":6430,"level":20,"msg":"Unchanged: \u001b[35mthemes/next/layout/_partials/search/swiftype.swig\u001b[39m","time":"2015-10-25T09:25:43.387Z","v":0}
{"name":"hexo","hostname":"SeanRMBP.local","pid":6430,"level":20,"msg":"Unchanged: \u001b[35mthemes/next/layout/_partials/head.swig\u001b[39m","time":"2015-10-25T09:25:43.387Z","v":0}
{"name":"hexo","hostname":"SeanRMBP.local","pid":6430,"level":20,"msg":"Unchanged: \u001b[35mthemes/next/layout/_partials/search.swig\u001b[39m","time":"2015-10-25T09:25:43.387Z","v":0}
{"name":"hexo","hostname":"SeanRMBP.local","pid":6430,"level":20,"msg":"Unchanged: \u001b[35mthemes/next/layout/_scripts/analytics/baidu-analytics.swig\u001b[39m","time":"2015-10-25T09:25:43.387Z","v":0}
{"name":"hexo","hostname":"SeanRMBP.local","pid":6430,"level":20,"msg":"Unchanged: \u001b[35mthemes/next/layout/_partials/share/duoshuo_share.swig\u001b[39m","time":"2015-10-25T09:25:43.387Z","v":0}
{"name":"hexo","hostname":"SeanRMBP.local","pid":6430,"level":20,"msg":"Unchanged: \u001b[35mthemes/next/layout/_partials/share/jiathis.swig\u001b[39m","time":"2015-10-25T09:25:43.387Z","v":0}
{"name":"hexo","hostname":"SeanRMBP.local","pid":6430,"level":20,"msg":"Unchanged: \u001b[35mthemes/next/layout/_scripts/analytics/google-analytics.swig\u001b[39m","time":"2015-10-25T09:25:43.387Z","v":0}
{"name":"hexo","hostname":"SeanRMBP.local","pid":6430,"level":20,"msg":"Unchanged: \u001b[35mthemes/next/layout/_scripts/analytics/facebook-sdk.swig\u001b[39m","time":"2015-10-25T09:25:43.388Z","v":0}
{"name":"hexo","hostname":"SeanRMBP.local","pid":6430,"level":20,"msg":"Unchanged: \u001b[35mthemes/next/layout/_scripts/analytics.swig\u001b[39m","time":"2015-10-25T09:25:43.388Z","v":0}
{"name":"hexo","hostname":"SeanRMBP.local","pid":6430,"level":20,"msg":"Unchanged: \u001b[35mthemes/next/layout/_scripts/baidushare.swig\u001b[39m","time":"2015-10-25T09:25:43.388Z","v":0}
{"name":"hexo","hostname":"SeanRMBP.local","pid":6430,"level":20,"msg":"Unchanged: \u001b[35mthemes/next/layout/_scripts/comments/disqus.swig\u001b[39m","time":"2015-10-25T09:25:43.388Z","v":0}
{"name":"hexo","hostname":"SeanRMBP.local","pid":6430,"level":20,"msg":"Unchanged: \u001b[35mthemes/next/layout/_scripts/bootstrap.scrollspy.swig\u001b[39m","time":"2015-10-25T09:25:43.388Z","v":0}
{"name":"hexo","hostname":"SeanRMBP.local","pid":6430,"level":20,"msg":"Unchanged: \u001b[35mthemes/next/layout/_scripts/comments/duoshuo.swig\u001b[39m","time":"2015-10-25T09:25:43.388Z","v":0}
{"name":"hexo","hostname":"SeanRMBP.local","pid":6430,"level":20,"msg":"Unchanged: \u001b[35mthemes/next/layout/_scripts/fancy-box.swig\u001b[39m","time":"2015-10-25T09:25:43.388Z","v":0}
{"name":"hexo","hostname":"SeanRMBP.local","pid":6430,"level":20,"msg":"Unchanged: \u001b[35mthemes/next/layout/_scripts/helpers.swig\u001b[39m","time":"2015-10-25T09:25:43.388Z","v":0}
{"name":"hexo","hostname":"SeanRMBP.local","pid":6430,"level":20,"msg":"Unchanged: \u001b[35mthemes/next/layout/_scripts/motion.swig\u001b[39m","time":"2015-10-25T09:25:43.388Z","v":0}
{"name":"hexo","hostname":"SeanRMBP.local","pid":6430,"level":20,"msg":"Unchanged: \u001b[35mthemes/next/layout/category.swig\u001b[39m","time":"2015-10-25T09:25:43.388Z","v":0}
{"name":"hexo","hostname":"SeanRMBP.local","pid":6430,"level":20,"msg":"Unchanged: \u001b[35mthemes/next/layout/_scripts/mathjax.swig\u001b[39m","time":"2015-10-25T09:25:43.389Z","v":0}
{"name":"hexo","hostname":"SeanRMBP.local","pid":6430,"level":20,"msg":"Unchanged: \u001b[35mthemes/next/layout/_scripts/pages/post-details.swig\u001b[39m","time":"2015-10-25T09:25:43.389Z","v":0}
{"name":"hexo","hostname":"SeanRMBP.local","pid":6430,"level":20,"msg":"Unchanged: \u001b[35mthemes/next/layout/_scripts/tinysou.swig\u001b[39m","time":"2015-10-25T09:25:43.389Z","v":0}
{"name":"hexo","hostname":"SeanRMBP.local","pid":6430,"level":20,"msg":"Unchanged: \u001b[35mthemes/next/layout/archive.swig\u001b[39m","time":"2015-10-25T09:25:43.389Z","v":0}
{"name":"hexo","hostname":"SeanRMBP.local","pid":6430,"level":20,"msg":"Unchanged: \u001b[35mthemes/next/layout/index.swig\u001b[39m","time":"2015-10-25T09:25:43.389Z","v":0}
{"name":"hexo","hostname":"SeanRMBP.local","pid":6430,"level":20,"msg":"Unchanged: \u001b[35mthemes/next/layout/page.swig\u001b[39m","time":"2015-10-25T09:25:43.389Z","v":0}
{"name":"hexo","hostname":"SeanRMBP.local","pid":6430,"level":20,"msg":"Unchanged: \u001b[35mthemes/next/layout/tag.swig\u001b[39m","time":"2015-10-25T09:25:43.389Z","v":0}
{"name":"hexo","hostname":"SeanRMBP.local","pid":6430,"level":20,"msg":"Unchanged: \u001b[35mthemes/next/scripts/tags/center-quote.js\u001b[39m","time":"2015-10-25T09:25:43.389Z","v":0}
{"name":"hexo","hostname":"SeanRMBP.local","pid":6430,"level":20,"msg":"Unchanged: \u001b[35mthemes/next/layout/post.swig\u001b[39m","time":"2015-10-25T09:25:43.389Z","v":0}
{"name":"hexo","hostname":"SeanRMBP.local","pid":6430,"level":20,"msg":"Unchanged: \u001b[35mthemes/next/scripts/merge-configs.js\u001b[39m","time":"2015-10-25T09:25:43.389Z","v":0}
{"name":"hexo","hostname":"SeanRMBP.local","pid":6430,"level":20,"msg":"Unchanged: \u001b[35mthemes/next/scripts/tags/full-image.js\u001b[39m","time":"2015-10-25T09:25:43.389Z","v":0}
{"name":"hexo","hostname":"SeanRMBP.local","pid":6430,"level":20,"msg":"Unchanged: \u001b[35mthemes/next/scripts/tags/group-pictures.js\u001b[39m","time":"2015-10-25T09:25:43.390Z","v":0}
{"name":"hexo","hostname":"SeanRMBP.local","pid":6430,"level":20,"msg":"Unchanged: \u001b[35mthemes/next/source/css/_common/_component/back-to-top.styl\u001b[39m","time":"2015-10-25T09:25:43.390Z","v":0}
{"name":"hexo","hostname":"SeanRMBP.local","pid":6430,"level":20,"msg":"Unchanged: \u001b[35mthemes/next/source/css/_common/_component/buttons.styl\u001b[39m","time":"2015-10-25T09:25:43.390Z","v":0}
{"name":"hexo","hostname":"SeanRMBP.local","pid":6430,"level":20,"msg":"Unchanged: \u001b[35mthemes/next/source/css/_common/_component/comments.styl\u001b[39m","time":"2015-10-25T09:25:43.390Z","v":0}
{"name":"hexo","hostname":"SeanRMBP.local","pid":6430,"level":20,"msg":"Unchanged: \u001b[35mthemes/next/source/css/_common/_component/blockquote-center.styl\u001b[39m","time":"2015-10-25T09:25:43.390Z","v":0}
{"name":"hexo","hostname":"SeanRMBP.local","pid":6430,"level":20,"msg":"Unchanged: \u001b[35mthemes/next/source/css/_common/_component/duoshuo.styl\u001b[39m","time":"2015-10-25T09:25:43.390Z","v":0}
{"name":"hexo","hostname":"SeanRMBP.local","pid":6430,"level":20,"msg":"Unchanged: \u001b[35mthemes/next/source/css/_common/_component/group-pictures.styl\u001b[39m","time":"2015-10-25T09:25:43.390Z","v":0}
{"name":"hexo","hostname":"SeanRMBP.local","pid":6430,"level":20,"msg":"Unchanged: \u001b[35mthemes/next/source/css/_common/_component/gallery.styl\u001b[39m","time":"2015-10-25T09:25:43.390Z","v":0}
{"name":"hexo","hostname":"SeanRMBP.local","pid":6430,"level":20,"msg":"Unchanged: \u001b[35mthemes/next/source/css/_common/_component/jiathis.styl\u001b[39m","time":"2015-10-25T09:25:43.390Z","v":0}
{"name":"hexo","hostname":"SeanRMBP.local","pid":6430,"level":20,"msg":"Unchanged: \u001b[35mthemes/next/source/css/_common/_component/posts-collapse.styl\u001b[39m","time":"2015-10-25T09:25:43.390Z","v":0}
{"name":"hexo","hostname":"SeanRMBP.local","pid":6430,"level":20,"msg":"Unchanged: \u001b[35mthemes/next/source/css/_common/_component/pagination.styl\u001b[39m","time":"2015-10-25T09:25:43.391Z","v":0}
{"name":"hexo","hostname":"SeanRMBP.local","pid":6430,"level":20,"msg":"Unchanged: \u001b[35mthemes/next/source/css/_common/_component/posts-expand.styl\u001b[39m","time":"2015-10-25T09:25:43.391Z","v":0}
{"name":"hexo","hostname":"SeanRMBP.local","pid":6430,"level":20,"msg":"Unchanged: \u001b[35mthemes/next/source/css/_common/_component/posts-type.styl\u001b[39m","time":"2015-10-25T09:25:43.391Z","v":0}
{"name":"hexo","hostname":"SeanRMBP.local","pid":6430,"level":20,"msg":"Unchanged: \u001b[35mthemes/next/source/css/_common/_component/posts.styl\u001b[39m","time":"2015-10-25T09:25:43.391Z","v":0}
{"name":"hexo","hostname":"SeanRMBP.local","pid":6430,"level":20,"msg":"Unchanged: \u001b[35mthemes/next/source/css/_common/_component/tag-cloud.styl\u001b[39m","time":"2015-10-25T09:25:43.391Z","v":0}
{"name":"hexo","hostname":"SeanRMBP.local","pid":6430,"level":20,"msg":"Unchanged: \u001b[35mthemes/next/source/css/_common/_core/base.styl\u001b[39m","time":"2015-10-25T09:25:43.391Z","v":0}
{"name":"hexo","hostname":"SeanRMBP.local","pid":6430,"level":20,"msg":"Unchanged: \u001b[35mthemes/next/source/css/_common/_core/helpers.styl\u001b[39m","time":"2015-10-25T09:25:43.391Z","v":0}
{"name":"hexo","hostname":"SeanRMBP.local","pid":6430,"level":20,"msg":"Unchanged: \u001b[35mthemes/next/source/css/_common/_core/normalize.styl\u001b[39m","time":"2015-10-25T09:25:43.391Z","v":0}
{"name":"hexo","hostname":"SeanRMBP.local","pid":6430,"level":20,"msg":"Unchanged: \u001b[35mthemes/next/source/css/_common/_core/scaffolding.styl\u001b[39m","time":"2015-10-25T09:25:43.391Z","v":0}
{"name":"hexo","hostname":"SeanRMBP.local","pid":6430,"level":20,"msg":"Unchanged: \u001b[35mthemes/next/source/css/_common/_fonts/icon-default.styl\u001b[39m","time":"2015-10-25T09:25:43.391Z","v":0}
{"name":"hexo","hostname":"SeanRMBP.local","pid":6430,"level":20,"msg":"Unchanged: \u001b[35mthemes/next/source/css/_common/_core/tables.styl\u001b[39m","time":"2015-10-25T09:25:43.391Z","v":0}
{"name":"hexo","hostname":"SeanRMBP.local","pid":6430,"level":20,"msg":"Unchanged: \u001b[35mthemes/next/source/css/_common/_fonts/icon-feather.styl\u001b[39m","time":"2015-10-25T09:25:43.392Z","v":0}
{"name":"hexo","hostname":"SeanRMBP.local","pid":6430,"level":20,"msg":"Unchanged: \u001b[35mthemes/next/source/css/_common/_fonts/icon-font.styl\u001b[39m","time":"2015-10-25T09:25:43.392Z","v":0}
{"name":"hexo","hostname":"SeanRMBP.local","pid":6430,"level":20,"msg":"Unchanged: \u001b[35mthemes/next/source/css/_common/_fonts/icon-fifty-shades.styl\u001b[39m","time":"2015-10-25T09:25:43.392Z","v":0}
{"name":"hexo","hostname":"SeanRMBP.local","pid":6430,"level":20,"msg":"Unchanged: \u001b[35mthemes/next/source/css/_common/_fonts/icon-linecons.styl\u001b[39m","time":"2015-10-25T09:25:43.392Z","v":0}
{"name":"hexo","hostname":"SeanRMBP.local","pid":6430,"level":20,"msg":"Unchanged: \u001b[35mthemes/next/source/css/_common/_page/archive.styl\u001b[39m","time":"2015-10-25T09:25:43.392Z","v":0}
{"name":"hexo","hostname":"SeanRMBP.local","pid":6430,"level":20,"msg":"Unchanged: \u001b[35mthemes/next/source/css/_common/_page/post-detail.styl\u001b[39m","time":"2015-10-25T09:25:43.392Z","v":0}
{"name":"hexo","hostname":"SeanRMBP.local","pid":6430,"level":20,"msg":"Unchanged: \u001b[35mthemes/next/source/css/_common/_page/categories.styl\u001b[39m","time":"2015-10-25T09:25:43.392Z","v":0}
{"name":"hexo","hostname":"SeanRMBP.local","pid":6430,"level":20,"msg":"Unchanged: \u001b[35mthemes/next/source/css/_common/_section/footer.styl\u001b[39m","time":"2015-10-25T09:25:43.392Z","v":0}
{"name":"hexo","hostname":"SeanRMBP.local","pid":6430,"level":20,"msg":"Unchanged: \u001b[35mthemes/next/source/css/_common/_section/header.styl\u001b[39m","time":"2015-10-25T09:25:43.392Z","v":0}
{"name":"hexo","hostname":"SeanRMBP.local","pid":6430,"level":20,"msg":"Unchanged: \u001b[35mthemes/next/source/css/_common/_section/body.styl\u001b[39m","time":"2015-10-25T09:25:43.392Z","v":0}
{"name":"hexo","hostname":"SeanRMBP.local","pid":6430,"level":20,"msg":"Unchanged: \u001b[35mthemes/next/source/css/_common/_section/layout.styl\u001b[39m","time":"2015-10-25T09:25:43.393Z","v":0}
{"name":"hexo","hostname":"SeanRMBP.local","pid":6430,"level":20,"msg":"Unchanged: \u001b[35mthemes/next/source/css/_common/_section/sidebar.styl\u001b[39m","time":"2015-10-25T09:25:43.393Z","v":0}
{"name":"hexo","hostname":"SeanRMBP.local","pid":6430,"level":20,"msg":"Unchanged: \u001b[35mthemes/next/source/css/_common/_vendor/highlight/highlight.styl\u001b[39m","time":"2015-10-25T09:25:43.393Z","v":0}
{"name":"hexo","hostname":"SeanRMBP.local","pid":6430,"level":20,"msg":"Unchanged: \u001b[35mthemes/next/source/css/_common/_section/media.styl\u001b[39m","time":"2015-10-25T09:25:43.393Z","v":0}
{"name":"hexo","hostname":"SeanRMBP.local","pid":6430,"level":20,"msg":"Unchanged: \u001b[35mthemes/next/source/css/_common/_vendor/highlight/theme.styl\u001b[39m","time":"2015-10-25T09:25:43.393Z","v":0}
{"name":"hexo","hostname":"SeanRMBP.local","pid":6430,"level":20,"msg":"Unchanged: \u001b[35mthemes/next/source/css/_mixins/base.styl\u001b[39m","time":"2015-10-25T09:25:43.393Z","v":0}
{"name":"hexo","hostname":"SeanRMBP.local","pid":6430,"level":20,"msg":"Unchanged: \u001b[35mthemes/next/source/css/_custom/custom.styl\u001b[39m","time":"2015-10-25T09:25:43.393Z","v":0}
{"name":"hexo","hostname":"SeanRMBP.local","pid":6430,"level":20,"msg":"Unchanged: \u001b[35mthemes/next/source/css/_schemes/Mist/_base.styl\u001b[39m","time":"2015-10-25T09:25:43.393Z","v":0}
{"name":"hexo","hostname":"SeanRMBP.local","pid":6430,"level":20,"msg":"Unchanged: \u001b[35mthemes/next/source/css/_schemes/Mist/_header.styl\u001b[39m","time":"2015-10-25T09:25:43.393Z","v":0}
{"name":"hexo","hostname":"SeanRMBP.local","pid":6430,"level":20,"msg":"Unchanged: \u001b[35mthemes/next/source/css/_schemes/Mist/_logo.styl\u001b[39m","time":"2015-10-25T09:25:43.393Z","v":0}
{"name":"hexo","hostname":"SeanRMBP.local","pid":6430,"level":20,"msg":"Unchanged: \u001b[35mthemes/next/source/css/_schemes/Mist/_menu.styl\u001b[39m","time":"2015-10-25T09:25:43.393Z","v":0}
{"name":"hexo","hostname":"SeanRMBP.local","pid":6430,"level":20,"msg":"Unchanged: \u001b[35mthemes/next/source/css/_schemes/Mist/_posts-expanded.styl\u001b[39m","time":"2015-10-25T09:25:43.394Z","v":0}
{"name":"hexo","hostname":"SeanRMBP.local","pid":6430,"level":20,"msg":"Unchanged: \u001b[35mthemes/next/source/css/_schemes/Mist/index.styl\u001b[39m","time":"2015-10-25T09:25:43.394Z","v":0}
{"name":"hexo","hostname":"SeanRMBP.local","pid":6430,"level":20,"msg":"Unchanged: \u001b[35mthemes/next/source/css/_schemes/default/_logo.styl\u001b[39m","time":"2015-10-25T09:25:43.394Z","v":0}
{"name":"hexo","hostname":"SeanRMBP.local","pid":6430,"level":20,"msg":"Unchanged: \u001b[35mthemes/next/source/css/_schemes/default/_menu.styl\u001b[39m","time":"2015-10-25T09:25:43.394Z","v":0}
{"name":"hexo","hostname":"SeanRMBP.local","pid":6430,"level":20,"msg":"Unchanged: \u001b[35mthemes/next/source/css/_schemes/default/_search.styl\u001b[39m","time":"2015-10-25T09:25:43.394Z","v":0}
{"name":"hexo","hostname":"SeanRMBP.local","pid":6430,"level":20,"msg":"Unchanged: \u001b[35mthemes/next/source/css/_schemes/default/index.styl\u001b[39m","time":"2015-10-25T09:25:43.394Z","v":0}
{"name":"hexo","hostname":"SeanRMBP.local","pid":6430,"level":20,"msg":"Unchanged: \u001b[35mthemes/next/source/css/_variables/Mist.styl\u001b[39m","time":"2015-10-25T09:25:43.394Z","v":0}
{"name":"hexo","hostname":"SeanRMBP.local","pid":6430,"level":20,"msg":"Unchanged: \u001b[35mthemes/next/source/css/main.styl\u001b[39m","time":"2015-10-25T09:25:43.396Z","v":0}
{"name":"hexo","hostname":"SeanRMBP.local","pid":6430,"level":20,"msg":"Unchanged: \u001b[35mthemes/next/source/css/_variables/base.styl\u001b[39m","time":"2015-10-25T09:25:43.396Z","v":0}
{"name":"hexo","hostname":"SeanRMBP.local","pid":6430,"level":20,"msg":"Unchanged: \u001b[35mthemes/next/source/fonts/icon-default/icomoon.eot\u001b[39m","time":"2015-10-25T09:25:43.396Z","v":0}
{"name":"hexo","hostname":"SeanRMBP.local","pid":6430,"level":20,"msg":"Unchanged: \u001b[35mthemes/next/source/fonts/icon-default/icomoon.svg\u001b[39m","time":"2015-10-25T09:25:43.396Z","v":0}
{"name":"hexo","hostname":"SeanRMBP.local","pid":6430,"level":20,"msg":"Unchanged: \u001b[35mthemes/next/source/fonts/icon-default/icomoon.ttf\u001b[39m","time":"2015-10-25T09:25:43.397Z","v":0}
{"name":"hexo","hostname":"SeanRMBP.local","pid":6430,"level":20,"msg":"Unchanged: \u001b[35mthemes/next/source/fonts/icon-default/icomoon.woff\u001b[39m","time":"2015-10-25T09:25:43.398Z","v":0}
{"name":"hexo","hostname":"SeanRMBP.local","pid":6430,"level":20,"msg":"Unchanged: \u001b[35mthemes/next/source/fonts/icon-feather/icomoon.eot\u001b[39m","time":"2015-10-25T09:25:43.398Z","v":0}
{"name":"hexo","hostname":"SeanRMBP.local","pid":6430,"level":20,"msg":"Unchanged: \u001b[35mthemes/next/source/fonts/icon-default/selection.json\u001b[39m","time":"2015-10-25T09:25:43.398Z","v":0}
{"name":"hexo","hostname":"SeanRMBP.local","pid":6430,"level":20,"msg":"Unchanged: \u001b[35mthemes/next/source/fonts/icon-feather/icomoon.ttf\u001b[39m","time":"2015-10-25T09:25:43.398Z","v":0}
{"name":"hexo","hostname":"SeanRMBP.local","pid":6430,"level":20,"msg":"Unchanged: \u001b[35mthemes/next/source/fonts/icon-feather/icomoon.svg\u001b[39m","time":"2015-10-25T09:25:43.398Z","v":0}
{"name":"hexo","hostname":"SeanRMBP.local","pid":6430,"level":20,"msg":"Unchanged: \u001b[35mthemes/next/source/fonts/icon-feather/icomoon.woff\u001b[39m","time":"2015-10-25T09:25:43.398Z","v":0}
{"name":"hexo","hostname":"SeanRMBP.local","pid":6430,"level":20,"msg":"Unchanged: \u001b[35mthemes/next/source/fonts/icon-fifty-shades/icomoon.eot\u001b[39m","time":"2015-10-25T09:25:43.399Z","v":0}
{"name":"hexo","hostname":"SeanRMBP.local","pid":6430,"level":20,"msg":"Unchanged: \u001b[35mthemes/next/source/fonts/icon-feather/selection.json\u001b[39m","time":"2015-10-25T09:25:43.399Z","v":0}
{"name":"hexo","hostname":"SeanRMBP.local","pid":6430,"level":20,"msg":"Unchanged: \u001b[35mthemes/next/source/fonts/icon-fifty-shades/icomoon.svg\u001b[39m","time":"2015-10-25T09:25:43.399Z","v":0}
{"name":"hexo","hostname":"SeanRMBP.local","pid":6430,"level":20,"msg":"Unchanged: \u001b[35mthemes/next/source/fonts/icon-fifty-shades/icomoon.woff\u001b[39m","time":"2015-10-25T09:25:43.399Z","v":0}
{"name":"hexo","hostname":"SeanRMBP.local","pid":6430,"level":20,"msg":"Unchanged: \u001b[35mthemes/next/source/fonts/icon-fifty-shades/icomoon.ttf\u001b[39m","time":"2015-10-25T09:25:43.399Z","v":0}
{"name":"hexo","hostname":"SeanRMBP.local","pid":6430,"level":20,"msg":"Unchanged: \u001b[35mthemes/next/source/fonts/icon-fifty-shades/selection.json\u001b[39m","time":"2015-10-25T09:25:43.400Z","v":0}
{"name":"hexo","hostname":"SeanRMBP.local","pid":6430,"level":20,"msg":"Unchanged: \u001b[35mthemes/next/source/fonts/icon-icomoon/icomoon.ttf\u001b[39m","time":"2015-10-25T09:25:43.400Z","v":0}
{"name":"hexo","hostname":"SeanRMBP.local","pid":6430,"level":20,"msg":"Unchanged: \u001b[35mthemes/next/source/fonts/icon-icomoon/icomoon.svg\u001b[39m","time":"2015-10-25T09:25:43.400Z","v":0}
{"name":"hexo","hostname":"SeanRMBP.local","pid":6430,"level":20,"msg":"Unchanged: \u001b[35mthemes/next/source/fonts/icon-icomoon/icomoon.eot\u001b[39m","time":"2015-10-25T09:25:43.400Z","v":0}
{"name":"hexo","hostname":"SeanRMBP.local","pid":6430,"level":20,"msg":"Unchanged: \u001b[35mthemes/next/source/fonts/icon-icomoon/icomoon.woff\u001b[39m","time":"2015-10-25T09:25:43.400Z","v":0}
{"name":"hexo","hostname":"SeanRMBP.local","pid":6430,"level":20,"msg":"Unchanged: \u001b[35mthemes/next/source/fonts/icon-linecons/icomoon.eot\u001b[39m","time":"2015-10-25T09:25:43.400Z","v":0}
{"name":"hexo","hostname":"SeanRMBP.local","pid":6430,"level":20,"msg":"Unchanged: \u001b[35mthemes/next/source/fonts/icon-linecons/icomoon.svg\u001b[39m","time":"2015-10-25T09:25:43.401Z","v":0}
{"name":"hexo","hostname":"SeanRMBP.local","pid":6430,"level":20,"msg":"Unchanged: \u001b[35mthemes/next/source/fonts/icon-linecons/icomoon.woff\u001b[39m","time":"2015-10-25T09:25:43.401Z","v":0}
{"name":"hexo","hostname":"SeanRMBP.local","pid":6430,"level":20,"msg":"Unchanged: \u001b[35mthemes/next/source/fonts/icon-linecons/icomoon.ttf\u001b[39m","time":"2015-10-25T09:25:43.402Z","v":0}
{"name":"hexo","hostname":"SeanRMBP.local","pid":6430,"level":20,"msg":"Unchanged: \u001b[35mthemes/next/source/fonts/icon-linecons/selection.json\u001b[39m","time":"2015-10-25T09:25:43.402Z","v":0}
{"name":"hexo","hostname":"SeanRMBP.local","pid":6430,"level":20,"msg":"Unchanged: \u001b[35mthemes/next/source/images/bkdefault_avatar.jpg\u001b[39m","time":"2015-10-25T09:25:43.402Z","v":0}
{"name":"hexo","hostname":"SeanRMBP.local","pid":6430,"level":20,"msg":"Unchanged: \u001b[35mthemes/next/source/images/cc-by-nc-nd.svg\u001b[39m","time":"2015-10-25T09:25:43.402Z","v":0}
{"name":"hexo","hostname":"SeanRMBP.local","pid":6430,"level":20,"msg":"Unchanged: \u001b[35mthemes/next/source/images/cc-by-nc-sa.svg\u001b[39m","time":"2015-10-25T09:25:43.403Z","v":0}
{"name":"hexo","hostname":"SeanRMBP.local","pid":6430,"level":20,"msg":"Unchanged: \u001b[35mthemes/next/source/images/cc-by.svg\u001b[39m","time":"2015-10-25T09:25:43.403Z","v":0}
{"name":"hexo","hostname":"SeanRMBP.local","pid":6430,"level":20,"msg":"Unchanged: \u001b[35mthemes/next/source/images/cc-by-nc.svg\u001b[39m","time":"2015-10-25T09:25:43.403Z","v":0}
{"name":"hexo","hostname":"SeanRMBP.local","pid":6430,"level":20,"msg":"Unchanged: \u001b[35mthemes/next/source/images/cc-by-sa.svg\u001b[39m","time":"2015-10-25T09:25:43.403Z","v":0}
{"name":"hexo","hostname":"SeanRMBP.local","pid":6430,"level":20,"msg":"Unchanged: \u001b[35mthemes/next/source/images/cc-by-nd.svg\u001b[39m","time":"2015-10-25T09:25:43.403Z","v":0}
{"name":"hexo","hostname":"SeanRMBP.local","pid":6430,"level":20,"msg":"Unchanged: \u001b[35mthemes/next/source/images/loading.gif\u001b[39m","time":"2015-10-25T09:25:43.403Z","v":0}
{"name":"hexo","hostname":"SeanRMBP.local","pid":6430,"level":20,"msg":"Unchanged: \u001b[35mthemes/next/source/images/quote-l.svg\u001b[39m","time":"2015-10-25T09:25:43.403Z","v":0}
{"name":"hexo","hostname":"SeanRMBP.local","pid":6430,"level":20,"msg":"Unchanged: \u001b[35mthemes/next/source/images/placeholder.gif\u001b[39m","time":"2015-10-25T09:25:43.403Z","v":0}
{"name":"hexo","hostname":"SeanRMBP.local","pid":6430,"level":20,"msg":"Unchanged: \u001b[35mthemes/next/source/images/cc-zero.svg\u001b[39m","time":"2015-10-25T09:25:43.403Z","v":0}
{"name":"hexo","hostname":"SeanRMBP.local","pid":6430,"level":20,"msg":"Unchanged: \u001b[35mthemes/next/source/images/quote-r.svg\u001b[39m","time":"2015-10-25T09:25:43.403Z","v":0}
{"name":"hexo","hostname":"SeanRMBP.local","pid":6430,"level":20,"msg":"Unchanged: \u001b[35mthemes/next/source/images/searchicon.png\u001b[39m","time":"2015-10-25T09:25:43.404Z","v":0}
{"name":"hexo","hostname":"SeanRMBP.local","pid":6430,"level":20,"msg":"Unchanged: \u001b[35mthemes/next/source/js/bootstrap.scrollspy.js\u001b[39m","time":"2015-10-25T09:25:43.404Z","v":0}
{"name":"hexo","hostname":"SeanRMBP.local","pid":6430,"level":20,"msg":"Unchanged: \u001b[35mthemes/next/source/js/fancy-box.js\u001b[39m","time":"2015-10-25T09:25:43.404Z","v":0}
{"name":"hexo","hostname":"SeanRMBP.local","pid":6430,"level":20,"msg":"Unchanged: \u001b[35mthemes/next/source/js/helpers.js\u001b[39m","time":"2015-10-25T09:25:43.404Z","v":0}
{"name":"hexo","hostname":"SeanRMBP.local","pid":6430,"level":20,"msg":"Unchanged: \u001b[35mthemes/next/source/js/lazyload.js\u001b[39m","time":"2015-10-25T09:25:43.404Z","v":0}
{"name":"hexo","hostname":"SeanRMBP.local","pid":6430,"level":20,"msg":"Unchanged: \u001b[35mthemes/next/source/js/motion_fallback.js\u001b[39m","time":"2015-10-25T09:25:43.404Z","v":0}
{"name":"hexo","hostname":"SeanRMBP.local","pid":6430,"level":20,"msg":"Unchanged: \u001b[35mthemes/next/source/js/hook-duoshuo.js\u001b[39m","time":"2015-10-25T09:25:43.404Z","v":0}
{"name":"hexo","hostname":"SeanRMBP.local","pid":6430,"level":20,"msg":"Unchanged: \u001b[35mthemes/next/source/js/motion_global.js\u001b[39m","time":"2015-10-25T09:25:43.405Z","v":0}
{"name":"hexo","hostname":"SeanRMBP.local","pid":6430,"level":20,"msg":"Unchanged: \u001b[35mthemes/next/source/js/nav-toggle.js\u001b[39m","time":"2015-10-25T09:25:43.405Z","v":0}
{"name":"hexo","hostname":"SeanRMBP.local","pid":6430,"level":20,"msg":"Unchanged: \u001b[35mthemes/next/source/js/ua-parser.min.js\u001b[39m","time":"2015-10-25T09:25:43.405Z","v":0}
{"name":"hexo","hostname":"SeanRMBP.local","pid":6430,"level":20,"msg":"Unchanged: \u001b[35mthemes/next/source/vendors/fancybox/source/blank.gif\u001b[39m","time":"2015-10-25T09:25:43.405Z","v":0}
{"name":"hexo","hostname":"SeanRMBP.local","pid":6430,"level":20,"msg":"Unchanged: \u001b[35mthemes/next/source/vendors/fancybox/source/fancybox_loading.gif\u001b[39m","time":"2015-10-25T09:25:43.405Z","v":0}
{"name":"hexo","hostname":"SeanRMBP.local","pid":6430,"level":20,"msg":"Unchanged: \u001b[35mthemes/next/source/vendors/fancybox/source/fancybox_overlay.png\u001b[39m","time":"2015-10-25T09:25:43.405Z","v":0}
{"name":"hexo","hostname":"SeanRMBP.local","pid":6430,"level":20,"msg":"Unchanged: \u001b[35mthemes/next/source/vendors/fancybox/source/fancybox_loading@2x.gif\u001b[39m","time":"2015-10-25T09:25:43.405Z","v":0}
{"name":"hexo","hostname":"SeanRMBP.local","pid":6430,"level":20,"msg":"Unchanged: \u001b[35mthemes/next/source/vendors/fancybox/source/fancybox_sprite.png\u001b[39m","time":"2015-10-25T09:25:43.405Z","v":0}
{"name":"hexo","hostname":"SeanRMBP.local","pid":6430,"level":20,"msg":"Unchanged: \u001b[35mthemes/next/source/vendors/fancybox/source/fancybox_sprite@2x.png\u001b[39m","time":"2015-10-25T09:25:43.406Z","v":0}
{"name":"hexo","hostname":"SeanRMBP.local","pid":6430,"level":20,"msg":"Unchanged: \u001b[35mthemes/next/source/vendors/fancybox/source/helpers/fancybox_buttons.png\u001b[39m","time":"2015-10-25T09:25:43.406Z","v":0}
{"name":"hexo","hostname":"SeanRMBP.local","pid":6430,"level":20,"msg":"Unchanged: \u001b[35mthemes/next/source/vendors/fancybox/source/helpers/jquery.fancybox-buttons.css\u001b[39m","time":"2015-10-25T09:25:43.406Z","v":0}
{"name":"hexo","hostname":"SeanRMBP.local","pid":6430,"level":20,"msg":"Unchanged: \u001b[35mthemes/next/source/vendors/fancybox/source/helpers/jquery.fancybox-buttons.js\u001b[39m","time":"2015-10-25T09:25:43.406Z","v":0}
{"name":"hexo","hostname":"SeanRMBP.local","pid":6430,"level":20,"msg":"Unchanged: \u001b[35mthemes/next/source/vendors/fancybox/source/helpers/jquery.fancybox-media.js\u001b[39m","time":"2015-10-25T09:25:43.406Z","v":0}
{"name":"hexo","hostname":"SeanRMBP.local","pid":6430,"level":20,"msg":"Unchanged: \u001b[35mthemes/next/source/vendors/fancybox/source/helpers/jquery.fancybox-thumbs.css\u001b[39m","time":"2015-10-25T09:25:43.406Z","v":0}
{"name":"hexo","hostname":"SeanRMBP.local","pid":6430,"level":20,"msg":"Unchanged: \u001b[35mthemes/next/source/vendors/fancybox/source/helpers/jquery.fancybox-thumbs.js\u001b[39m","time":"2015-10-25T09:25:43.406Z","v":0}
{"name":"hexo","hostname":"SeanRMBP.local","pid":6430,"level":20,"msg":"Unchanged: \u001b[35mthemes/next/source/vendors/fancybox/source/jquery.fancybox.css\u001b[39m","time":"2015-10-25T09:25:43.406Z","v":0}
{"name":"hexo","hostname":"SeanRMBP.local","pid":6430,"level":20,"msg":"Unchanged: \u001b[35mthemes/next/source/vendors/fastclick/LICENSE\u001b[39m","time":"2015-10-25T09:25:43.406Z","v":0}
{"name":"hexo","hostname":"SeanRMBP.local","pid":6430,"level":20,"msg":"Unchanged: \u001b[35mthemes/next/source/vendors/fancybox/source/jquery.fancybox.js\u001b[39m","time":"2015-10-25T09:25:43.406Z","v":0}
{"name":"hexo","hostname":"SeanRMBP.local","pid":6430,"level":20,"msg":"Unchanged: \u001b[35mthemes/next/source/vendors/fancybox/source/jquery.fancybox.pack.js\u001b[39m","time":"2015-10-25T09:25:43.406Z","v":0}
{"name":"hexo","hostname":"SeanRMBP.local","pid":6430,"level":20,"msg":"Unchanged: \u001b[35mthemes/next/source/vendors/fastclick/README.md\u001b[39m","time":"2015-10-25T09:25:43.407Z","v":0}
{"name":"hexo","hostname":"SeanRMBP.local","pid":6430,"level":20,"msg":"Unchanged: \u001b[35mthemes/next/source/vendors/fastclick/bower.json\u001b[39m","time":"2015-10-25T09:25:43.407Z","v":0}
{"name":"hexo","hostname":"SeanRMBP.local","pid":6430,"level":20,"msg":"Unchanged: \u001b[35mthemes/next/source/vendors/font-awesome/HELP-US-OUT.txt\u001b[39m","time":"2015-10-25T09:25:43.407Z","v":0}
{"name":"hexo","hostname":"SeanRMBP.local","pid":6430,"level":20,"msg":"Unchanged: \u001b[35mthemes/next/source/vendors/fastclick/lib/fastclick.js\u001b[39m","time":"2015-10-25T09:25:43.407Z","v":0}
{"name":"hexo","hostname":"SeanRMBP.local","pid":6430,"level":20,"msg":"Unchanged: \u001b[35mthemes/next/source/vendors/fastclick/lib/fastclick.min.js\u001b[39m","time":"2015-10-25T09:25:43.407Z","v":0}
{"name":"hexo","hostname":"SeanRMBP.local","pid":6430,"level":20,"msg":"Unchanged: \u001b[35mthemes/next/source/vendors/font-awesome/bower.json\u001b[39m","time":"2015-10-25T09:25:43.407Z","v":0}
{"name":"hexo","hostname":"SeanRMBP.local","pid":6430,"level":20,"msg":"Unchanged: \u001b[35mthemes/next/source/vendors/font-awesome/css/font-awesome.css\u001b[39m","time":"2015-10-25T09:25:43.407Z","v":0}
{"name":"hexo","hostname":"SeanRMBP.local","pid":6430,"level":20,"msg":"Unchanged: \u001b[35mthemes/next/source/vendors/font-awesome/css/font-awesome.css.map\u001b[39m","time":"2015-10-25T09:25:43.407Z","v":0}
{"name":"hexo","hostname":"SeanRMBP.local","pid":6430,"level":20,"msg":"Unchanged: \u001b[35mthemes/next/source/vendors/font-awesome/css/font-awesome.min.css\u001b[39m","time":"2015-10-25T09:25:43.407Z","v":0}
{"name":"hexo","hostname":"SeanRMBP.local","pid":6430,"level":20,"msg":"Unchanged: \u001b[35mthemes/next/source/vendors/velocity/bower.json\u001b[39m","time":"2015-10-25T09:25:43.407Z","v":0}
{"name":"hexo","hostname":"SeanRMBP.local","pid":6430,"level":20,"msg":"Unchanged: \u001b[35mthemes/next/source/vendors/font-awesome/fonts/fontawesome-webfont.woff2\u001b[39m","time":"2015-10-25T09:25:43.407Z","v":0}
{"name":"hexo","hostname":"SeanRMBP.local","pid":6430,"level":20,"msg":"Unchanged: \u001b[35mthemes/next/source/vendors/velocity/velocity.ui.min.js\u001b[39m","time":"2015-10-25T09:25:43.407Z","v":0}
{"name":"hexo","hostname":"SeanRMBP.local","pid":6430,"level":20,"msg":"Unchanged: \u001b[35mthemes/next/source/vendors/velocity/velocity.min.js\u001b[39m","time":"2015-10-25T09:25:43.408Z","v":0}
{"name":"hexo","hostname":"SeanRMBP.local","pid":6430,"level":20,"msg":"Unchanged: \u001b[35mthemes/next/test/helpers.js\u001b[39m","time":"2015-10-25T09:25:43.408Z","v":0}
{"name":"hexo","hostname":"SeanRMBP.local","pid":6430,"level":20,"msg":"Unchanged: \u001b[35mthemes/next/test/intern.js\u001b[39m","time":"2015-10-25T09:25:43.408Z","v":0}
{"name":"hexo","hostname":"SeanRMBP.local","pid":6430,"level":20,"msg":"Unchanged: \u001b[35mthemes/next/source/vendors/velocity/velocity.ui.js\u001b[39m","time":"2015-10-25T09:25:43.408Z","v":0}
{"name":"hexo","hostname":"SeanRMBP.local","pid":6430,"level":20,"msg":"Unchanged: \u001b[35mthemes/next/debug.log\u001b[39m","time":"2015-10-25T09:25:43.410Z","v":0}
{"name":"hexo","hostname":"SeanRMBP.local","pid":6430,"level":20,"msg":"Unchanged: \u001b[35mthemes/next/source/vendors/font-awesome/fonts/fontawesome-webfont.eot\u001b[39m","time":"2015-10-25T09:25:43.410Z","v":0}
{"name":"hexo","hostname":"SeanRMBP.local","pid":6430,"level":20,"msg":"Unchanged: \u001b[35mthemes/next/source/vendors/font-awesome/fonts/FontAwesome.otf\u001b[39m","time":"2015-10-25T09:25:43.410Z","v":0}
{"name":"hexo","hostname":"SeanRMBP.local","pid":6430,"level":20,"msg":"Unchanged: \u001b[35mthemes/next/source/vendors/jquery/index.js\u001b[39m","time":"2015-10-25T09:25:43.410Z","v":0}
{"name":"hexo","hostname":"SeanRMBP.local","pid":6430,"level":20,"msg":"Unchanged: \u001b[35mthemes/next/source/vendors/font-awesome/fonts/fontawesome-webfont.woff\u001b[39m","time":"2015-10-25T09:25:43.410Z","v":0}
{"name":"hexo","hostname":"SeanRMBP.local","pid":6430,"level":20,"msg":"Unchanged: \u001b[35mthemes/next/source/vendors/font-awesome/fonts/fontawesome-webfont.ttf\u001b[39m","time":"2015-10-25T09:25:43.411Z","v":0}
{"name":"hexo","hostname":"SeanRMBP.local","pid":6430,"level":20,"msg":"Unchanged: \u001b[35mthemes/next/source/vendors/velocity/velocity.js\u001b[39m","time":"2015-10-25T09:25:43.411Z","v":0}
{"name":"hexo","hostname":"SeanRMBP.local","pid":6430,"level":20,"msg":"Unchanged: \u001b[35mthemes/next/source/vendors/font-awesome/fonts/fontawesome-webfont.svg\u001b[39m","time":"2015-10-25T09:25:43.412Z","v":0}
{"name":"hexo","hostname":"SeanRMBP.local","pid":6430,"level":20,"msg":"Processed: \u001b[35msource/vendors/font-awesome/fonts/fontawesome-webfont.svg\u001b[39m","time":"2015-10-25T09:25:43.413Z","v":0}
{"name":"hexo","hostname":"SeanRMBP.local","pid":6430,"level":20,"msg":"Processed: \u001b[35msource/vendors/velocity/velocity.js\u001b[39m","time":"2015-10-25T09:25:43.413Z","v":0}
{"name":"hexo","hostname":"SeanRMBP.local","pid":6430,"level":20,"msg":"Processed: \u001b[35msource/vendors/font-awesome/fonts/fontawesome-webfont.ttf\u001b[39m","time":"2015-10-25T09:25:43.414Z","v":0}
{"name":"hexo","hostname":"SeanRMBP.local","pid":6430,"level":20,"msg":"Processed: \u001b[35msource/vendors/jquery/index.js\u001b[39m","time":"2015-10-25T09:25:43.414Z","v":0}
{"name":"hexo","hostname":"SeanRMBP.local","pid":6430,"level":20,"msg":"Processed: \u001b[35msource/vendors/font-awesome/fonts/fontawesome-webfont.woff\u001b[39m","time":"2015-10-25T09:25:43.414Z","v":0}
{"name":"hexo","hostname":"SeanRMBP.local","pid":6430,"level":20,"msg":"Processed: \u001b[35msource/vendors/font-awesome/fonts/FontAwesome.otf\u001b[39m","time":"2015-10-25T09:25:43.415Z","v":0}
{"name":"hexo","hostname":"SeanRMBP.local","pid":6430,"level":20,"msg":"Processed: \u001b[35msource/vendors/font-awesome/fonts/fontawesome-webfont.eot\u001b[39m","time":"2015-10-25T09:25:43.415Z","v":0}
{"name":"hexo","hostname":"SeanRMBP.local","pid":6430,"level":20,"msg":"Processed: \u001b[35msource/vendors/velocity/velocity.ui.js\u001b[39m","time":"2015-10-25T09:25:43.415Z","v":0}
{"name":"hexo","hostname":"SeanRMBP.local","pid":6430,"level":20,"msg":"Processed: \u001b[35msource/vendors/velocity/velocity.ui.min.js\u001b[39m","time":"2015-10-25T09:25:43.415Z","v":0}
{"name":"hexo","hostname":"SeanRMBP.local","pid":6430,"level":20,"msg":"Processed: \u001b[35msource/vendors/velocity/velocity.min.js\u001b[39m","time":"2015-10-25T09:25:43.416Z","v":0}
{"name":"hexo","hostname":"SeanRMBP.local","pid":6430,"level":20,"msg":"Processed: \u001b[35msource/vendors/velocity/bower.json\u001b[39m","time":"2015-10-25T09:25:43.416Z","v":0}
{"name":"hexo","hostname":"SeanRMBP.local","pid":6430,"level":20,"msg":"Processed: \u001b[35msource/vendors/font-awesome/fonts/fontawesome-webfont.woff2\u001b[39m","time":"2015-10-25T09:25:43.416Z","v":0}
{"name":"hexo","hostname":"SeanRMBP.local","pid":6430,"level":20,"msg":"Processed: \u001b[35msource/vendors/font-awesome/css/font-awesome.min.css\u001b[39m","time":"2015-10-25T09:25:43.416Z","v":0}
{"name":"hexo","hostname":"SeanRMBP.local","pid":6430,"level":20,"msg":"Processed: \u001b[35msource/vendors/font-awesome/css/font-awesome.css.map\u001b[39m","time":"2015-10-25T09:25:43.417Z","v":0}
{"name":"hexo","hostname":"SeanRMBP.local","pid":6430,"level":20,"msg":"Processed: \u001b[35msource/vendors/font-awesome/css/font-awesome.css\u001b[39m","time":"2015-10-25T09:25:43.417Z","v":0}
{"name":"hexo","hostname":"SeanRMBP.local","pid":6430,"level":20,"msg":"Processed: \u001b[35msource/vendors/font-awesome/bower.json\u001b[39m","time":"2015-10-25T09:25:43.417Z","v":0}
{"name":"hexo","hostname":"SeanRMBP.local","pid":6430,"level":20,"msg":"Processed: \u001b[35msource/vendors/fastclick/lib/fastclick.min.js\u001b[39m","time":"2015-10-25T09:25:43.417Z","v":0}
{"name":"hexo","hostname":"SeanRMBP.local","pid":6430,"level":20,"msg":"Processed: \u001b[35msource/vendors/font-awesome/HELP-US-OUT.txt\u001b[39m","time":"2015-10-25T09:25:43.418Z","v":0}
{"name":"hexo","hostname":"SeanRMBP.local","pid":6430,"level":20,"msg":"Processed: \u001b[35msource/vendors/fastclick/lib/fastclick.js\u001b[39m","time":"2015-10-25T09:25:43.418Z","v":0}
{"name":"hexo","hostname":"SeanRMBP.local","pid":6430,"level":20,"msg":"Processed: \u001b[35msource/vendors/fastclick/bower.json\u001b[39m","time":"2015-10-25T09:25:43.418Z","v":0}
{"name":"hexo","hostname":"SeanRMBP.local","pid":6430,"level":20,"msg":"Processed: \u001b[35msource/vendors/fastclick/README.md\u001b[39m","time":"2015-10-25T09:25:43.418Z","v":0}
{"name":"hexo","hostname":"SeanRMBP.local","pid":6430,"level":20,"msg":"Processed: \u001b[35msource/vendors/fancybox/source/jquery.fancybox.pack.js\u001b[39m","time":"2015-10-25T09:25:43.419Z","v":0}
{"name":"hexo","hostname":"SeanRMBP.local","pid":6430,"level":20,"msg":"Processed: \u001b[35msource/vendors/fastclick/LICENSE\u001b[39m","time":"2015-10-25T09:25:43.419Z","v":0}
{"name":"hexo","hostname":"SeanRMBP.local","pid":6430,"level":20,"msg":"Processed: \u001b[35msource/vendors/fancybox/source/jquery.fancybox.js\u001b[39m","time":"2015-10-25T09:25:43.419Z","v":0}
{"name":"hexo","hostname":"SeanRMBP.local","pid":6430,"level":20,"msg":"Processed: \u001b[35msource/vendors/fancybox/source/jquery.fancybox.css\u001b[39m","time":"2015-10-25T09:25:43.419Z","v":0}
{"name":"hexo","hostname":"SeanRMBP.local","pid":6430,"level":20,"msg":"Processed: \u001b[35msource/vendors/fancybox/source/helpers/jquery.fancybox-thumbs.js\u001b[39m","time":"2015-10-25T09:25:43.419Z","v":0}
{"name":"hexo","hostname":"SeanRMBP.local","pid":6430,"level":20,"msg":"Processed: \u001b[35msource/vendors/fancybox/source/helpers/jquery.fancybox-thumbs.css\u001b[39m","time":"2015-10-25T09:25:43.420Z","v":0}
{"name":"hexo","hostname":"SeanRMBP.local","pid":6430,"level":20,"msg":"Processed: \u001b[35msource/vendors/fancybox/source/helpers/jquery.fancybox-media.js\u001b[39m","time":"2015-10-25T09:25:43.421Z","v":0}
{"name":"hexo","hostname":"SeanRMBP.local","pid":6430,"level":20,"msg":"Processed: \u001b[35msource/vendors/fancybox/source/helpers/jquery.fancybox-buttons.js\u001b[39m","time":"2015-10-25T09:25:43.421Z","v":0}
{"name":"hexo","hostname":"SeanRMBP.local","pid":6430,"level":20,"msg":"Processed: \u001b[35msource/vendors/fancybox/source/helpers/jquery.fancybox-buttons.css\u001b[39m","time":"2015-10-25T09:25:43.421Z","v":0}
{"name":"hexo","hostname":"SeanRMBP.local","pid":6430,"level":20,"msg":"Processed: \u001b[35msource/vendors/fancybox/source/helpers/fancybox_buttons.png\u001b[39m","time":"2015-10-25T09:25:43.422Z","v":0}
{"name":"hexo","hostname":"SeanRMBP.local","pid":6430,"level":20,"msg":"Processed: \u001b[35msource/vendors/fancybox/source/fancybox_sprite@2x.png\u001b[39m","time":"2015-10-25T09:25:43.423Z","v":0}
{"name":"hexo","hostname":"SeanRMBP.local","pid":6430,"level":20,"msg":"Processed: \u001b[35msource/vendors/fancybox/source/fancybox_sprite.png\u001b[39m","time":"2015-10-25T09:25:43.423Z","v":0}
{"name":"hexo","hostname":"SeanRMBP.local","pid":6430,"level":20,"msg":"Processed: \u001b[35msource/vendors/fancybox/source/fancybox_overlay.png\u001b[39m","time":"2015-10-25T09:25:43.423Z","v":0}
{"name":"hexo","hostname":"SeanRMBP.local","pid":6430,"level":20,"msg":"Processed: \u001b[35msource/vendors/fancybox/source/fancybox_loading@2x.gif\u001b[39m","time":"2015-10-25T09:25:43.423Z","v":0}
{"name":"hexo","hostname":"SeanRMBP.local","pid":6430,"level":20,"msg":"Processed: \u001b[35msource/vendors/fancybox/source/fancybox_loading.gif\u001b[39m","time":"2015-10-25T09:25:43.424Z","v":0}
{"name":"hexo","hostname":"SeanRMBP.local","pid":6430,"level":20,"msg":"Processed: \u001b[35msource/vendors/fancybox/source/blank.gif\u001b[39m","time":"2015-10-25T09:25:43.424Z","v":0}
{"name":"hexo","hostname":"SeanRMBP.local","pid":6430,"level":20,"msg":"Processed: \u001b[35msource/js/ua-parser.min.js\u001b[39m","time":"2015-10-25T09:25:43.424Z","v":0}
{"name":"hexo","hostname":"SeanRMBP.local","pid":6430,"level":20,"msg":"Processed: \u001b[35msource/js/nav-toggle.js\u001b[39m","time":"2015-10-25T09:25:43.425Z","v":0}
{"name":"hexo","hostname":"SeanRMBP.local","pid":6430,"level":20,"msg":"Processed: \u001b[35msource/js/motion_global.js\u001b[39m","time":"2015-10-25T09:25:43.425Z","v":0}
{"name":"hexo","hostname":"SeanRMBP.local","pid":6430,"level":20,"msg":"Processed: \u001b[35msource/js/hook-duoshuo.js\u001b[39m","time":"2015-10-25T09:25:43.425Z","v":0}
{"name":"hexo","hostname":"SeanRMBP.local","pid":6430,"level":20,"msg":"Processed: \u001b[35msource/js/motion_fallback.js\u001b[39m","time":"2015-10-25T09:25:43.426Z","v":0}
{"name":"hexo","hostname":"SeanRMBP.local","pid":6430,"level":20,"msg":"Processed: \u001b[35msource/js/lazyload.js\u001b[39m","time":"2015-10-25T09:25:43.426Z","v":0}
{"name":"hexo","hostname":"SeanRMBP.local","pid":6430,"level":20,"msg":"Processed: \u001b[35msource/js/helpers.js\u001b[39m","time":"2015-10-25T09:25:43.427Z","v":0}
{"name":"hexo","hostname":"SeanRMBP.local","pid":6430,"level":20,"msg":"Processed: \u001b[35msource/js/fancy-box.js\u001b[39m","time":"2015-10-25T09:25:43.427Z","v":0}
{"name":"hexo","hostname":"SeanRMBP.local","pid":6430,"level":20,"msg":"Processed: \u001b[35msource/js/bootstrap.scrollspy.js\u001b[39m","time":"2015-10-25T09:25:43.427Z","v":0}
{"name":"hexo","hostname":"SeanRMBP.local","pid":6430,"level":20,"msg":"Processed: \u001b[35msource/images/searchicon.png\u001b[39m","time":"2015-10-25T09:25:43.428Z","v":0}
{"name":"hexo","hostname":"SeanRMBP.local","pid":6430,"level":20,"msg":"Processed: \u001b[35msource/images/quote-r.svg\u001b[39m","time":"2015-10-25T09:25:43.428Z","v":0}
{"name":"hexo","hostname":"SeanRMBP.local","pid":6430,"level":20,"msg":"Processed: \u001b[35msource/images/cc-zero.svg\u001b[39m","time":"2015-10-25T09:25:43.428Z","v":0}
{"name":"hexo","hostname":"SeanRMBP.local","pid":6430,"level":20,"msg":"Processed: \u001b[35msource/images/placeholder.gif\u001b[39m","time":"2015-10-25T09:25:43.429Z","v":0}
{"name":"hexo","hostname":"SeanRMBP.local","pid":6430,"level":20,"msg":"Processed: \u001b[35msource/images/quote-l.svg\u001b[39m","time":"2015-10-25T09:25:43.429Z","v":0}
{"name":"hexo","hostname":"SeanRMBP.local","pid":6430,"level":20,"msg":"Processed: \u001b[35msource/images/loading.gif\u001b[39m","time":"2015-10-25T09:25:43.429Z","v":0}
{"name":"hexo","hostname":"SeanRMBP.local","pid":6430,"level":20,"msg":"Processed: \u001b[35msource/images/cc-by-nd.svg\u001b[39m","time":"2015-10-25T09:25:43.429Z","v":0}
{"name":"hexo","hostname":"SeanRMBP.local","pid":6430,"level":20,"msg":"Processed: \u001b[35msource/images/cc-by-sa.svg\u001b[39m","time":"2015-10-25T09:25:43.430Z","v":0}
{"name":"hexo","hostname":"SeanRMBP.local","pid":6430,"level":20,"msg":"Processed: \u001b[35msource/images/cc-by-nc.svg\u001b[39m","time":"2015-10-25T09:25:43.430Z","v":0}
{"name":"hexo","hostname":"SeanRMBP.local","pid":6430,"level":20,"msg":"Processed: \u001b[35msource/images/cc-by.svg\u001b[39m","time":"2015-10-25T09:25:43.430Z","v":0}
{"name":"hexo","hostname":"SeanRMBP.local","pid":6430,"level":20,"msg":"Processed: \u001b[35msource/images/cc-by-nc-sa.svg\u001b[39m","time":"2015-10-25T09:25:43.430Z","v":0}
{"name":"hexo","hostname":"SeanRMBP.local","pid":6430,"level":20,"msg":"Processed: \u001b[35msource/images/cc-by-nc-nd.svg\u001b[39m","time":"2015-10-25T09:25:43.431Z","v":0}
{"name":"hexo","hostname":"SeanRMBP.local","pid":6430,"level":20,"msg":"Processed: \u001b[35msource/images/bkdefault_avatar.jpg\u001b[39m","time":"2015-10-25T09:25:43.431Z","v":0}
{"name":"hexo","hostname":"SeanRMBP.local","pid":6430,"level":20,"msg":"Processed: \u001b[35msource/fonts/icon-linecons/selection.json\u001b[39m","time":"2015-10-25T09:25:43.432Z","v":0}
{"name":"hexo","hostname":"SeanRMBP.local","pid":6430,"level":20,"msg":"Processed: \u001b[35msource/fonts/icon-linecons/icomoon.ttf\u001b[39m","time":"2015-10-25T09:25:43.433Z","v":0}
{"name":"hexo","hostname":"SeanRMBP.local","pid":6430,"level":20,"msg":"Processed: \u001b[35msource/fonts/icon-linecons/icomoon.woff\u001b[39m","time":"2015-10-25T09:25:43.434Z","v":0}
{"name":"hexo","hostname":"SeanRMBP.local","pid":6430,"level":20,"msg":"Processed: \u001b[35msource/fonts/icon-linecons/icomoon.svg\u001b[39m","time":"2015-10-25T09:25:43.435Z","v":0}
{"name":"hexo","hostname":"SeanRMBP.local","pid":6430,"level":20,"msg":"Processed: \u001b[35msource/fonts/icon-linecons/icomoon.eot\u001b[39m","time":"2015-10-25T09:25:43.437Z","v":0}
{"name":"hexo","hostname":"SeanRMBP.local","pid":6430,"level":20,"msg":"Processed: \u001b[35msource/fonts/icon-icomoon/icomoon.woff\u001b[39m","time":"2015-10-25T09:25:43.437Z","v":0}
{"name":"hexo","hostname":"SeanRMBP.local","pid":6430,"level":20,"msg":"Processed: \u001b[35msource/fonts/icon-icomoon/icomoon.eot\u001b[39m","time":"2015-10-25T09:25:43.438Z","v":0}
{"name":"hexo","hostname":"SeanRMBP.local","pid":6430,"level":20,"msg":"Processed: \u001b[35msource/fonts/icon-icomoon/icomoon.svg\u001b[39m","time":"2015-10-25T09:25:43.438Z","v":0}
{"name":"hexo","hostname":"SeanRMBP.local","pid":6430,"level":20,"msg":"Processed: \u001b[35msource/fonts/icon-icomoon/icomoon.ttf\u001b[39m","time":"2015-10-25T09:25:43.438Z","v":0}
{"name":"hexo","hostname":"SeanRMBP.local","pid":6430,"level":20,"msg":"Processed: \u001b[35msource/fonts/icon-fifty-shades/selection.json\u001b[39m","time":"2015-10-25T09:25:43.439Z","v":0}
{"name":"hexo","hostname":"SeanRMBP.local","pid":6430,"level":20,"msg":"Processed: \u001b[35msource/fonts/icon-fifty-shades/icomoon.ttf\u001b[39m","time":"2015-10-25T09:25:43.439Z","v":0}
{"name":"hexo","hostname":"SeanRMBP.local","pid":6430,"level":20,"msg":"Processed: \u001b[35msource/fonts/icon-fifty-shades/icomoon.woff\u001b[39m","time":"2015-10-25T09:25:43.439Z","v":0}
{"name":"hexo","hostname":"SeanRMBP.local","pid":6430,"level":20,"msg":"Processed: \u001b[35msource/fonts/icon-fifty-shades/icomoon.svg\u001b[39m","time":"2015-10-25T09:25:43.440Z","v":0}
{"name":"hexo","hostname":"SeanRMBP.local","pid":6430,"level":20,"msg":"Processed: \u001b[35msource/fonts/icon-feather/selection.json\u001b[39m","time":"2015-10-25T09:25:43.440Z","v":0}
{"name":"hexo","hostname":"SeanRMBP.local","pid":6430,"level":20,"msg":"Processed: \u001b[35msource/fonts/icon-fifty-shades/icomoon.eot\u001b[39m","time":"2015-10-25T09:25:43.440Z","v":0}
{"name":"hexo","hostname":"SeanRMBP.local","pid":6430,"level":20,"msg":"Processed: \u001b[35msource/fonts/icon-feather/icomoon.woff\u001b[39m","time":"2015-10-25T09:25:43.441Z","v":0}
{"name":"hexo","hostname":"SeanRMBP.local","pid":6430,"level":20,"msg":"Processed: \u001b[35msource/fonts/icon-feather/icomoon.svg\u001b[39m","time":"2015-10-25T09:25:43.441Z","v":0}
{"name":"hexo","hostname":"SeanRMBP.local","pid":6430,"level":20,"msg":"Processed: \u001b[35msource/fonts/icon-feather/icomoon.ttf\u001b[39m","time":"2015-10-25T09:25:43.441Z","v":0}
{"name":"hexo","hostname":"SeanRMBP.local","pid":6430,"level":20,"msg":"Processed: \u001b[35msource/fonts/icon-default/selection.json\u001b[39m","time":"2015-10-25T09:25:43.441Z","v":0}
{"name":"hexo","hostname":"SeanRMBP.local","pid":6430,"level":20,"msg":"Processed: \u001b[35msource/fonts/icon-feather/icomoon.eot\u001b[39m","time":"2015-10-25T09:25:43.442Z","v":0}
{"name":"hexo","hostname":"SeanRMBP.local","pid":6430,"level":20,"msg":"Processed: \u001b[35msource/fonts/icon-default/icomoon.woff\u001b[39m","time":"2015-10-25T09:25:43.442Z","v":0}
{"name":"hexo","hostname":"SeanRMBP.local","pid":6430,"level":20,"msg":"Processed: \u001b[35msource/fonts/icon-default/icomoon.ttf\u001b[39m","time":"2015-10-25T09:25:43.442Z","v":0}
{"name":"hexo","hostname":"SeanRMBP.local","pid":6430,"level":20,"msg":"Processed: \u001b[35msource/fonts/icon-default/icomoon.svg\u001b[39m","time":"2015-10-25T09:25:43.442Z","v":0}
{"name":"hexo","hostname":"SeanRMBP.local","pid":6430,"level":20,"msg":"Processed: \u001b[35msource/fonts/icon-default/icomoon.eot\u001b[39m","time":"2015-10-25T09:25:43.442Z","v":0}
{"name":"hexo","hostname":"SeanRMBP.local","pid":6430,"level":20,"msg":"Processed: \u001b[35msource/css/main.styl\u001b[39m","time":"2015-10-25T09:25:43.443Z","v":0}
{"name":"hexo","hostname":"SeanRMBP.local","pid":6430,"level":20,"msg":"Processed: \u001b[35mlayout/post.swig\u001b[39m","time":"2015-10-25T09:25:43.447Z","v":0}
{"name":"hexo","hostname":"SeanRMBP.local","pid":6430,"level":20,"msg":"Processed: \u001b[35mlayout/tag.swig\u001b[39m","time":"2015-10-25T09:25:43.448Z","v":0}
{"name":"hexo","hostname":"SeanRMBP.local","pid":6430,"level":20,"msg":"Processed: \u001b[35mlayout/page.swig\u001b[39m","time":"2015-10-25T09:25:43.449Z","v":0}
{"name":"hexo","hostname":"SeanRMBP.local","pid":6430,"level":20,"msg":"Processed: \u001b[35mlayout/index.swig\u001b[39m","time":"2015-10-25T09:25:43.450Z","v":0}
{"name":"hexo","hostname":"SeanRMBP.local","pid":6430,"level":20,"msg":"Processed: \u001b[35mlayout/archive.swig\u001b[39m","time":"2015-10-25T09:25:43.450Z","v":0}
{"name":"hexo","hostname":"SeanRMBP.local","pid":6430,"level":20,"msg":"Processed: \u001b[35mlayout/_scripts/tinysou.swig\u001b[39m","time":"2015-10-25T09:25:43.450Z","v":0}
{"name":"hexo","hostname":"SeanRMBP.local","pid":6430,"level":20,"msg":"Processed: \u001b[35mlayout/_scripts/pages/post-details.swig\u001b[39m","time":"2015-10-25T09:25:43.451Z","v":0}
{"name":"hexo","hostname":"SeanRMBP.local","pid":6430,"level":20,"msg":"Processed: \u001b[35mlayout/category.swig\u001b[39m","time":"2015-10-25T09:25:43.451Z","v":0}
{"name":"hexo","hostname":"SeanRMBP.local","pid":6430,"level":20,"msg":"Processed: \u001b[35mlayout/_scripts/mathjax.swig\u001b[39m","time":"2015-10-25T09:25:43.451Z","v":0}
{"name":"hexo","hostname":"SeanRMBP.local","pid":6430,"level":20,"msg":"Processed: \u001b[35mlayout/_scripts/motion.swig\u001b[39m","time":"2015-10-25T09:25:43.452Z","v":0}
{"name":"hexo","hostname":"SeanRMBP.local","pid":6430,"level":20,"msg":"Processed: \u001b[35mlayout/_scripts/helpers.swig\u001b[39m","time":"2015-10-25T09:25:43.453Z","v":0}
{"name":"hexo","hostname":"SeanRMBP.local","pid":6430,"level":20,"msg":"Processed: \u001b[35mlayout/_scripts/fancy-box.swig\u001b[39m","time":"2015-10-25T09:25:43.453Z","v":0}
{"name":"hexo","hostname":"SeanRMBP.local","pid":6430,"level":20,"msg":"Processed: \u001b[35mlayout/_scripts/comments/duoshuo.swig\u001b[39m","time":"2015-10-25T09:25:43.454Z","v":0}
{"name":"hexo","hostname":"SeanRMBP.local","pid":6430,"level":20,"msg":"Processed: \u001b[35mlayout/_scripts/bootstrap.scrollspy.swig\u001b[39m","time":"2015-10-25T09:25:43.454Z","v":0}
{"name":"hexo","hostname":"SeanRMBP.local","pid":6430,"level":20,"msg":"Processed: \u001b[35mlayout/_scripts/comments/disqus.swig\u001b[39m","time":"2015-10-25T09:25:43.455Z","v":0}
{"name":"hexo","hostname":"SeanRMBP.local","pid":6430,"level":20,"msg":"Processed: \u001b[35mlayout/_scripts/baidushare.swig\u001b[39m","time":"2015-10-25T09:25:43.455Z","v":0}
{"name":"hexo","hostname":"SeanRMBP.local","pid":6430,"level":20,"msg":"Processed: \u001b[35mlayout/_scripts/analytics.swig\u001b[39m","time":"2015-10-25T09:25:43.455Z","v":0}
{"name":"hexo","hostname":"SeanRMBP.local","pid":6430,"level":20,"msg":"Processed: \u001b[35mlayout/_scripts/analytics/facebook-sdk.swig\u001b[39m","time":"2015-10-25T09:25:43.456Z","v":0}
{"name":"hexo","hostname":"SeanRMBP.local","pid":6430,"level":20,"msg":"Processed: \u001b[35mlayout/_scripts/analytics/google-analytics.swig\u001b[39m","time":"2015-10-25T09:25:43.456Z","v":0}
{"name":"hexo","hostname":"SeanRMBP.local","pid":6430,"level":20,"msg":"Processed: \u001b[35mlayout/_partials/share/jiathis.swig\u001b[39m","time":"2015-10-25T09:25:43.456Z","v":0}
{"name":"hexo","hostname":"SeanRMBP.local","pid":6430,"level":20,"msg":"Processed: \u001b[35mlayout/_partials/share/duoshuo_share.swig\u001b[39m","time":"2015-10-25T09:25:43.457Z","v":0}
{"name":"hexo","hostname":"SeanRMBP.local","pid":6430,"level":20,"msg":"Processed: \u001b[35mlayout/_scripts/analytics/baidu-analytics.swig\u001b[39m","time":"2015-10-25T09:25:43.458Z","v":0}
{"name":"hexo","hostname":"SeanRMBP.local","pid":6430,"level":20,"msg":"Processed: \u001b[35mlayout/_partials/search.swig\u001b[39m","time":"2015-10-25T09:25:43.458Z","v":0}
{"name":"hexo","hostname":"SeanRMBP.local","pid":6430,"level":20,"msg":"Processed: \u001b[35mlayout/_partials/head.swig\u001b[39m","time":"2015-10-25T09:25:43.458Z","v":0}
{"name":"hexo","hostname":"SeanRMBP.local","pid":6430,"level":20,"msg":"Processed: \u001b[35mlayout/_partials/search/swiftype.swig\u001b[39m","time":"2015-10-25T09:25:43.458Z","v":0}
{"name":"hexo","hostname":"SeanRMBP.local","pid":6430,"level":20,"msg":"Processed: \u001b[35mlayout/_partials/search/tinysou.swig\u001b[39m","time":"2015-10-25T09:25:43.459Z","v":0}
{"name":"hexo","hostname":"SeanRMBP.local","pid":6430,"level":20,"msg":"Processed: \u001b[35mlayout/_partials/pagination.swig\u001b[39m","time":"2015-10-25T09:25:43.459Z","v":0}
{"name":"hexo","hostname":"SeanRMBP.local","pid":6430,"level":20,"msg":"Processed: \u001b[35mlayout/_partials/old-browsers.swig\u001b[39m","time":"2015-10-25T09:25:43.459Z","v":0}
{"name":"hexo","hostname":"SeanRMBP.local","pid":6430,"level":20,"msg":"Processed: \u001b[35mlayout/_partials/header.swig\u001b[39m","time":"2015-10-25T09:25:43.460Z","v":0}
{"name":"hexo","hostname":"SeanRMBP.local","pid":6430,"level":20,"msg":"Processed: \u001b[35mlayout/_partials/footer.swig\u001b[39m","time":"2015-10-25T09:25:43.460Z","v":0}
{"name":"hexo","hostname":"SeanRMBP.local","pid":6430,"level":20,"msg":"Processed: \u001b[35mlayout/_macro/sidebar.swig\u001b[39m","time":"2015-10-25T09:25:43.460Z","v":0}
{"name":"hexo","hostname":"SeanRMBP.local","pid":6430,"level":20,"msg":"Processed: \u001b[35mlayout/_macro/post.swig\u001b[39m","time":"2015-10-25T09:25:43.461Z","v":0}
{"name":"hexo","hostname":"SeanRMBP.local","pid":6430,"level":20,"msg":"Processed: \u001b[35mlayout/_macro/post-collapse.swig\u001b[39m","time":"2015-10-25T09:25:43.461Z","v":0}
{"name":"hexo","hostname":"SeanRMBP.local","pid":6430,"level":20,"msg":"Processed: \u001b[35mlayout/_layout.swig\u001b[39m","time":"2015-10-25T09:25:43.461Z","v":0}
{"name":"hexo","hostname":"SeanRMBP.local","pid":6430,"level":20,"msg":"Processed: \u001b[35mlanguages/zh-tw.yml\u001b[39m","time":"2015-10-25T09:25:43.464Z","v":0}
{"name":"hexo","hostname":"SeanRMBP.local","pid":6430,"level":20,"msg":"Processed: \u001b[35mlanguages/zh-hk.yml\u001b[39m","time":"2015-10-25T09:25:43.465Z","v":0}
{"name":"hexo","hostname":"SeanRMBP.local","pid":6430,"level":20,"msg":"Processed: \u001b[35mlanguages/ru.yml\u001b[39m","time":"2015-10-25T09:25:43.467Z","v":0}
{"name":"hexo","hostname":"SeanRMBP.local","pid":6430,"level":20,"msg":"Processed: \u001b[35mlanguages/zh-Hans.yml\u001b[39m","time":"2015-10-25T09:25:43.469Z","v":0}
{"name":"hexo","hostname":"SeanRMBP.local","pid":6430,"level":20,"msg":"Processed: \u001b[35mlanguages/pt.yml\u001b[39m","time":"2015-10-25T09:25:43.470Z","v":0}
{"name":"hexo","hostname":"SeanRMBP.local","pid":6430,"level":20,"msg":"Processed: \u001b[35mlanguages/fr-FR.yml\u001b[39m","time":"2015-10-25T09:25:43.470Z","v":0}
{"name":"hexo","hostname":"SeanRMBP.local","pid":6430,"level":20,"msg":"Processed: \u001b[35mlanguages/en.yml\u001b[39m","time":"2015-10-25T09:25:43.471Z","v":0}
{"name":"hexo","hostname":"SeanRMBP.local","pid":6430,"level":20,"msg":"Processed: \u001b[35mlanguages/default.yml\u001b[39m","time":"2015-10-25T09:25:43.471Z","v":0}
{"name":"hexo","hostname":"SeanRMBP.local","pid":6430,"level":20,"msg":"Processed: \u001b[35mlanguages/de.yml\u001b[39m","time":"2015-10-25T09:25:43.472Z","v":0}
{"name":"hexo","hostname":"SeanRMBP.local","pid":6430,"level":20,"msg":"Theme config loaded.","time":"2015-10-25T09:25:43.473Z","v":0}
{"name":"hexo","hostname":"SeanRMBP.local","pid":6430,"level":20,"msg":"Processed: \u001b[35m_config.yml\u001b[39m","time":"2015-10-25T09:25:43.473Z","v":0}
{"name":"hexo","hostname":"SeanRMBP.local","pid":6430,"level":20,"msg":"Generator: \u001b[35mpage\u001b[39m","time":"2015-10-25T09:25:43.595Z","v":0}
{"name":"hexo","hostname":"SeanRMBP.local","pid":6430,"level":20,"msg":"Generator: \u001b[35mpost\u001b[39m","time":"2015-10-25T09:25:43.595Z","v":0}
{"name":"hexo","hostname":"SeanRMBP.local","pid":6430,"level":20,"msg":"Generator: \u001b[35marchive\u001b[39m","time":"2015-10-25T09:25:43.595Z","v":0}
{"name":"hexo","hostname":"SeanRMBP.local","pid":6430,"level":20,"msg":"Generator: \u001b[35mcategory\u001b[39m","time":"2015-10-25T09:25:43.595Z","v":0}
{"name":"hexo","hostname":"SeanRMBP.local","pid":6430,"level":20,"msg":"Generator: \u001b[35mindex\u001b[39m","time":"2015-10-25T09:25:43.595Z","v":0}
{"name":"hexo","hostname":"SeanRMBP.local","pid":6430,"level":20,"msg":"Generator: \u001b[35mtag\u001b[39m","time":"2015-10-25T09:25:43.595Z","v":0}
{"name":"hexo","hostname":"SeanRMBP.local","pid":6430,"level":20,"msg":"Generator: \u001b[35masset\u001b[39m","time":"2015-10-25T09:25:43.597Z","v":0}
{"name":"hexo","hostname":"SeanRMBP.local","pid":6430,"level":30,"msg":"Hexo is running at \u001b[4mhttp://0.0.0.0:4000/\u001b[24m. Press Ctrl+C to stop.","time":"2015-10-25T09:25:43.601Z","v":0}
{"name":"hexo","hostname":"SeanRMBP.local","pid":6430,"level":20,"msg":"Database saved","time":"2015-10-25T09:25:43.613Z","v":0}
{"name":"hexo","hostname":"SeanRMBP.local","pid":6430,"level":20,"msg":"Rendering index: \u001b[35mindex.html\u001b[39m","time":"2015-10-25T09:25:52.124Z","v":0}
{"name":"hexo","hostname":"SeanRMBP.local","pid":6430,"level":30,"msg":"Farewell","time":"2015-10-25T09:27:13.057Z","v":0}
{"name":"hexo","hostname":"SeanRMBP.local","pid":6430,"level":20,"msg":"Database saved","time":"2015-10-25T09:27:13.072Z","v":0}
